0 info it worked if it ends with ok
1 verbose cli [ '/usr/local/bin/node',
1 verbose cli   '/usr/local/bin/npm',
1 verbose cli   'instal',
1 verbose cli   '--save',
1 verbose cli   'githcd' ]
2 info using npm@2.11.3
3 info using node@v0.12.7
4 verbose install initial load of /Users/mzapaia/src/coderhouse-fullstack/10-node/package.json
5 warn package.json 10-node@1.0.0 No repository field.
6 verbose installManyTop reading scoped package data from /Users/mzapaia/src/coderhouse-fullstack/10-node/node_modules/connect-multiparty/package.json
7 verbose installManyTop reading scoped package data from /Users/mzapaia/src/coderhouse-fullstack/10-node/node_modules/express/package.json
8 verbose installManyTop reading scoped package data from /Users/mzapaia/src/coderhouse-fullstack/10-node/node_modules/mongoose/package.json
9 verbose installManyTop reading scoped package data from /Users/mzapaia/src/coderhouse-fullstack/10-node/node_modules/multer/package.json
10 verbose installManyTop reading scoped package data from /Users/mzapaia/src/coderhouse-fullstack/10-node/node_modules/socket.io/package.json
11 info package.json socket.io@1.3.7 No license field.
12 verbose readDependencies loading dependencies from /Users/mzapaia/src/coderhouse-fullstack/10-node/package.json
13 silly cache add args [ 'githcd', null ]
14 verbose cache add spec githcd
15 silly cache add parsed spec { raw: 'githcd',
15 silly cache add   scope: null,
15 silly cache add   name: 'githcd',
15 silly cache add   rawSpec: '',
15 silly cache add   spec: '*',
15 silly cache add   type: 'range' }
16 silly addNamed githcd@*
17 verbose addNamed "*" is a valid semver range for githcd
18 silly addNameRange { name: 'githcd', range: '*', hasData: false }
19 silly mapToRegistry name githcd
20 silly mapToRegistry using default registry
21 silly mapToRegistry registry https://registry.npmjs.org/
22 silly mapToRegistry uri https://registry.npmjs.org/githcd
23 verbose addNameRange registry:https://registry.npmjs.org/githcd not in flight; fetching
24 verbose request uri https://registry.npmjs.org/githcd
25 verbose request no auth needed
26 info attempt registry request try #1 at 12:43:06 PM
27 verbose request using bearer token for auth
28 verbose request id cb6dd23140ab5877
29 http request GET https://registry.npmjs.org/githcd
30 http 404 https://registry.npmjs.org/githcd
31 verbose headers { 'content-type': 'application/json',
31 verbose headers   'cache-control': 'max-age=0',
31 verbose headers   'content-length': '2',
31 verbose headers   'accept-ranges': 'bytes',
31 verbose headers   date: 'Sat, 26 Sep 2015 15:43:07 GMT',
31 verbose headers   via: '1.1 varnish',
31 verbose headers   connection: 'keep-alive',
31 verbose headers   'x-served-by': 'cache-sjc3124-SJC',
31 verbose headers   'x-cache': 'MISS',
31 verbose headers   'x-cache-hits': '0',
31 verbose headers   'x-timer': 'S1443282187.530927,VS0,VE166' }
32 silly get cb [ 404,
32 silly get   { 'content-type': 'application/json',
32 silly get     'cache-control': 'max-age=0',
32 silly get     'content-length': '2',
32 silly get     'accept-ranges': 'bytes',
32 silly get     date: 'Sat, 26 Sep 2015 15:43:07 GMT',
32 silly get     via: '1.1 varnish',
32 silly get     connection: 'keep-alive',
32 silly get     'x-served-by': 'cache-sjc3124-SJC',
32 silly get     'x-cache': 'MISS',
32 silly get     'x-cache-hits': '0',
32 silly get     'x-timer': 'S1443282187.530927,VS0,VE166' } ]
33 verbose stack Error: Registry returned 404 for GET on https://registry.npmjs.org/githcd
33 verbose stack     at CachingRegistryClient.<anonymous> (/usr/local/lib/node_modules/npm/node_modules/npm-registry-client/lib/request.js:239:14)
33 verbose stack     at Request._callback (/usr/local/lib/node_modules/npm/node_modules/npm-registry-client/lib/request.js:170:14)
33 verbose stack     at Request.self.callback (/usr/local/lib/node_modules/npm/node_modules/request/request.js:354:22)
33 verbose stack     at Request.emit (events.js:110:17)
33 verbose stack     at Request.<anonymous> (/usr/local/lib/node_modules/npm/node_modules/request/request.js:1207:14)
33 verbose stack     at Request.emit (events.js:129:20)
33 verbose stack     at IncomingMessage.<anonymous> (/usr/local/lib/node_modules/npm/node_modules/request/request.js:1153:12)
33 verbose stack     at IncomingMessage.emit (events.js:129:20)
33 verbose stack     at _stream_readable.js:908:16
33 verbose stack     at process._tickCallback (node.js:355:11)
34 verbose statusCode 404
35 verbose pkgid githcd
36 verbose cwd /Users/mzapaia/src/coderhouse-fullstack/10-node
37 error Darwin 15.0.0
38 error argv "/usr/local/bin/node" "/usr/local/bin/npm" "instal" "--save" "githcd"
39 error node v0.12.7
40 error npm  v2.11.3
41 error code E404
42 error 404 Registry returned 404 for GET on https://registry.npmjs.org/githcd
42 error 404
42 error 404 'githcd' is not in the npm registry.
42 error 404 You should bug the author to publish it (or use the name yourself!)
42 error 404 It was specified as a dependency of '10-node'
42 error 404
42 error 404 Note that you can also install from a
42 error 404 tarball, folder, http url, or git url.
43 verbose exit [ 1, true ]
